[11:17:13] [Server thread/INFO]: Starting minecraft server version 1.8.3
[11:17:13] [Server thread/INFO]: Loading properties
[11:17:13] [Server thread/INFO]: Default game type: ADVENTURE
[11:17:13] [Server thread/INFO]: Generating keypair
[11:17:13] [Server thread/INFO]: Starting Minecraft server on *:25565
[11:17:13] [Server thread/INFO]: Using default channel type
[11:17:14] [Server thread/INFO]: Preparing level "world"
[11:17:14] [Server thread/INFO]: Preparing start region for level 0
[11:17:14] [Server thread/INFO]: Done (0.538s)! For help, type "help" or "?"
[11:24:15] [User Authenticator #1/INFO]: UUID of player Genene is 425e937a-bab8-403f-ba3e-593c068e7ba3
[11:24:15] [Server thread/INFO]: Genene[/127.0.0.1:56090] logged in with entity id 2 at (-459.69999998807907, 95.0, 358.30000001192093)
[11:24:15] [Server thread/INFO]: §eGenene§r joined the game
[11:25:53] [Server thread/WARN]: Ignoring unknown attribute 'generic.attackDamage'
[11:26:06] [Server thread/WARN]: Ignoring unknown attribute 'generic.attackDamage'
[11:26:06] [Server thread/WARN]: Ignoring unknown attribute 'generic.attackDamage'
[11:27:48] [Server thread/WARN]: Ignoring unknown attribute 'generic.attackDamage'
[11:28:33] [Server thread/WARN]: Ignoring unknown attribute 'generic.attackDamage'
[11:29:17] [Server thread/WARN]: Ignoring unknown attribute 'generic.attackDamage'
[11:30:38] [Server thread/WARN]: Ignoring unknown attribute 'generic.attackDamage'
[11:30:44] [Server thread/WARN]: Ignoring unknown attribute 'generic.attackDamage'
[11:31:17] [User Authenticator #2/INFO]: UUID of player RaymondHasGone is 9e5f2e92-db4c-44a4-9ed7-8a43b9bd0570
[11:31:17] [Server thread/INFO]: RaymondHasGone[/127.0.0.1:56593] logged in with entity id 1215 at (261.3755762209462, 50.0, 25.516071961291843)
[11:31:17] [Server thread/INFO]: §eRaymondHasGone§r joined the game
[11:31:45] [Server thread/WARN]: Ignoring unknown attribute 'generic.attackDamage'
[11:32:01] [Server thread/WARN]: Ignoring unknown attribute 'generic.attackDamage'
[11:32:01] [Server thread/WARN]: Ignoring unknown attribute 'generic.attackDamage'
[11:33:08] [Server thread/WARN]: Ignoring unknown attribute 'generic.attackDamage'
[11:33:39] [Server thread/WARN]: Ignoring unknown attribute 'generic.attackDamage'
[11:33:39] [Server thread/WARN]: Ignoring unknown attribute 'generic.attackDamage'
[11:43:39] [Server thread/INFO]: Genene lost connection: TextComponent{text='Disconnected', siblings=[], style=Style{hasParent=false, color=null, bold=null, italic=null, underlined=null, obfuscated=null, clickEvent=null, hoverEvent=null, insertion=null}}
[11:43:39] [Server thread/INFO]: §eGenene§r left the game
[11:45:29] [User Authenticator #3/INFO]: UUID of player Linux5591 is eaad1dfb-d958-49f4-9861-41d52f859414
[11:45:29] [Server thread/INFO]: Linux5591[/127.0.0.1:57836] logged in with entity id 4217 at (278.3929519059659, 44.0, 61.90530235615446)
[11:45:29] [Server thread/INFO]: §eLinux5591§r joined the game
[11:45:37] [Server thread/INFO]: <§eLinux5591§r> omg
[11:46:27] [Server thread/INFO]: <§eRaymondHasGone§r> dc
[11:47:33] [Server thread/WARN]: Linux5591 moved wrongly!
[12:02:55] [Server thread/INFO]: RaymondHasGone lost connection: TranslatableComponent{key='disconnect.genericReason', args=[Internal Exception: java.net.SocketException: Connection reset], siblings=[], style=Style{hasParent=false, color=null, bold=null, italic=null, underlined=null, obfuscated=null, clickEvent=null, hoverEvent=null, insertion=null}}
[12:02:55] [Server thread/INFO]: §eRaymondHasGone§r left the game
[12:02:55] [Server thread/INFO]: Linux5591 lost connection: TranslatableComponent{key='disconnect.genericReason', args=[Internal Exception: java.net.SocketException: Connection reset], siblings=[], style=Style{hasParent=false, color=null, bold=null, italic=null, underlined=null, obfuscated=null, clickEvent=null, hoverEvent=null, insertion=null}}
[12:02:55] [Server thread/INFO]: §eLinux5591§r left the game
[12:03:11] [User Authenticator #4/INFO]: UUID of player Linux5591 is eaad1dfb-d958-49f4-9861-41d52f859414
[12:03:11] [Server thread/INFO]: Linux5591[/127.0.0.1:59225] logged in with entity id 8320 at (2880.093593070458, 23.0, -467.1827282464685)
[12:03:11] [Server thread/INFO]: §eLinux5591§r joined the game
[12:03:20] [User Authenticator #5/INFO]: UUID of player RaymondHasGone is 9e5f2e92-db4c-44a4-9ed7-8a43b9bd0570
[12:03:20] [Server thread/INFO]: RaymondHasGone[/127.0.0.1:59230] logged in with entity id 8511 at (86.10057609299919, 46.0, 143.0664145575194)
[12:03:20] [Server thread/INFO]: §eRaymondHasGone§r joined the game
[12:04:40] [Server thread/WARN]: Can't keep up! Did the system time change, or is the server overloaded? Running 3183ms behind, skipping 63 tick(s)
[12:04:51] [Server thread/INFO]: Linux5591 lost connection: TextComponent{text='Disconnected', siblings=[], style=Style{hasParent=false, color=null, bold=null, italic=null, underlined=null, obfuscated=null, clickEvent=null, hoverEvent=null, insertion=null}}
[12:04:51] [Server thread/INFO]: §eLinux5591§r left the game
[12:04:51] [Server thread/INFO]: RaymondHasGone lost connection: TextComponent{text='Disconnected', siblings=[], style=Style{hasParent=false, color=null, bold=null, italic=null, underlined=null, obfuscated=null, clickEvent=null, hoverEvent=null, insertion=null}}
[12:04:51] [Server thread/INFO]: §eRaymondHasGone§r left the game
[12:04:53] [User Authenticator #6/INFO]: UUID of player Linux5591 is eaad1dfb-d958-49f4-9861-41d52f859414
[12:04:53] [Server thread/INFO]: Linux5591[/127.0.0.1:59302] logged in with entity id 9000 at (2879.487500011921, 23.0, -467.69999998807907)
[12:04:53] [Server thread/INFO]: §eLinux5591§r joined the game
[12:05:08] [Server thread/INFO]: Unknown command. Try /help for a list of commands
[12:05:25] [Server thread/INFO]: [Server] 我先關一下 server
[12:05:30] [Server thread/INFO]: [Server] 等等開
[12:05:32] [Server thread/INFO]: <§eLinux5591§r> ok
[12:05:37] [Server thread/INFO]: [Server] 3
[12:05:42] [Server thread/INFO]: [Server] 2
[12:05:42] [Server thread/INFO]: Linux5591 lost connection: TextComponent{text='Disconnected', siblings=[], style=Style{hasParent=false, color=null, bold=null, italic=null, underlined=null, obfuscated=null, clickEvent=null, hoverEvent=null, insertion=null}}
[12:05:42] [Server thread/INFO]: §eLinux5591§r left the game
[12:05:45] [Server thread/INFO]: [Server] 1
[12:05:48] [Server thread/INFO]: Stopping server
[12:05:48] [Server thread/INFO]: Saving players
[12:05:48] [Server thread/INFO]: Saving worlds
[12:05:48] [Server thread/INFO]: Saving chunks for level 'world'/Overworld
[12:05:48] [Server thread/INFO]: Saving chunks for level 'world'/Nether
[12:05:48] [Server thread/INFO]: Saving chunks for level 'world'/The End
[12:05:48] [Server Shutdown Thread/INFO]: Stopping server
[12:15:22] [Server thread/INFO]: Starting minecraft server version 1.8.3
[12:15:22] [Server thread/INFO]: Loading properties
[12:15:22] [Server thread/INFO]: Default game type: ADVENTURE
[12:15:22] [Server thread/INFO]: Generating keypair
[12:15:23] [Server thread/INFO]: Starting Minecraft server on *:25565
[12:15:23] [Server thread/INFO]: Using default channel type
